2016-11-27 18:15:42  [ main:0 ] - [ DEBUG ]  Get connection for route {}->http://sendcloud.sohu.com:80
2016-11-27 18:15:42  [ main:22 ] - [ DEBUG ]  Connecting to sendcloud.sohu.com:80
2016-11-27 18:15:42  [ main:70 ] - [ DEBUG ]  CookieSpec selected: default
2016-11-27 18:15:42  [ main:72 ] - [ DEBUG ]  Auth cache not set in the context
2016-11-27 18:15:42  [ main:72 ] - [ DEBUG ]  Target auth state: UNCHALLENGED
2016-11-27 18:15:42  [ main:72 ] - [ DEBUG ]  Proxy auth state: UNCHALLENGED
2016-11-27 18:15:42  [ main:72 ] - [ DEBUG ]  Attempt 1 to execute request
2016-11-27 18:15:42  [ main:73 ] - [ DEBUG ]  Sending request: POST /webapi/mail.send.json HTTP/1.1
2016-11-27 18:15:42  [ main:74 ] - [ DEBUG ]   >> "POST /webapi/mail.send.json HTTP/1.1[\r][\n]"
2016-11-27 18:15:42  [ main:75 ] - [ DEBUG ]   >> "Content-Length: 250[\r][\n]"
2016-11-27 18:15:42  [ main:75 ] - [ DEBUG ]   >> "Content-Type: application/x-www-form-urlencoded; charset=UTF-8[\r][\n]"
2016-11-27 18:15:42  [ main:76 ] - [ DEBUG ]   >> "Host: sendcloud.sohu.com[\r][\n]"
2016-11-27 18:15:42  [ main:76 ] - [ DEBUG ]   >> "Connection: Keep-Alive[\r][\n]"
2016-11-27 18:15:42  [ main:76 ] - [ DEBUG ]   >> "User-Agent: Apache-HttpClient/4.5 (Java/1.7.0_79)[\r][\n]"
2016-11-27 18:15:42  [ main:76 ] - [ DEBUG ]   >> "[\r][\n]"
2016-11-27 18:15:42  [ main:76 ] - [ DEBUG ]  >> POST /webapi/mail.send.json HTTP/1.1
2016-11-27 18:15:42  [ main:77 ] - [ DEBUG ]  >> Content-Length: 250
2016-11-27 18:15:42  [ main:77 ] - [ DEBUG ]  >> Content-Type: application/x-www-form-urlencoded; charset=UTF-8
2016-11-27 18:15:42  [ main:77 ] - [ DEBUG ]  >> Host: sendcloud.sohu.com
2016-11-27 18:15:42  [ main:77 ] - [ DEBUG ]  >> Connection: Keep-Alive
2016-11-27 18:15:42  [ main:78 ] - [ DEBUG ]  >> User-Agent: Apache-HttpClient/4.5 (Java/1.7.0_79)
2016-11-27 18:15:42  [ main:78 ] - [ DEBUG ]   >> "api_user=thickskin_test_aooULz&api_key=niid9HwemksoJsIq&from=service%40env.com&fromname=&to=7965560%40qq.com&subject=%E5%8F%91%E9%80%81%E9%82%AE%E4%BB%B6%E4%B8%BB%E9%A2%98&html=%E5%8F%91%E9%80%81%E9%82%AE%E4%BB%B6%E5%86%85%E5%AE%B9&resp_email_id=true"
2016-11-27 18:15:42  [ main:159 ] - [ DEBUG ]   << "HTTP/1.1 200 OK[\r][\n]"
2016-11-27 18:15:42  [ main:161 ] - [ DEBUG ]   << "Server: nginx/1.6.3[\r][\n]"
2016-11-27 18:15:42  [ main:161 ] - [ DEBUG ]   << "Date: Sun, 27 Nov 2016 10:15:40 GMT[\r][\n]"
2016-11-27 18:15:42  [ main:161 ] - [ DEBUG ]   << "Content-Type: application/json;charset=UTF-8[\r][\n]"
2016-11-27 18:15:42  [ main:161 ] - [ DEBUG ]   << "Transfer-Encoding: chunked[\r][\n]"
2016-11-27 18:15:42  [ main:161 ] - [ DEBUG ]   << "Access-Control-Allow-Origin: *[\r][\n]"
2016-11-27 18:15:42  [ main:161 ] - [ DEBUG ]   << "[\r][\n]"
2016-11-27 18:15:42  [ main:162 ] - [ DEBUG ]  Receiving response: HTTP/1.1 200 OK
2016-11-27 18:15:42  [ main:162 ] - [ DEBUG ]  << HTTP/1.1 200 OK
2016-11-27 18:15:42  [ main:162 ] - [ DEBUG ]  << Server: nginx/1.6.3
2016-11-27 18:15:42  [ main:162 ] - [ DEBUG ]  << Date: Sun, 27 Nov 2016 10:15:40 GMT
2016-11-27 18:15:42  [ main:163 ] - [ DEBUG ]  << Content-Type: application/json;charset=UTF-8
2016-11-27 18:15:42  [ main:163 ] - [ DEBUG ]  << Transfer-Encoding: chunked
2016-11-27 18:15:42  [ main:163 ] - [ DEBUG ]  << Access-Control-Allow-Origin: *
2016-11-27 18:15:42  [ main:167 ] - [ DEBUG ]  Connection can be kept alive indefinitely
2016-11-27 18:15:42  [ main:177 ] - [ DEBUG ]   << "6d[\r][\n]"
2016-11-27 18:15:42  [ main:177 ] - [ DEBUG ]   << "{"message":"success","email_id_list":["1480241740597_59038_28144_5494.sc-10_9_1_75-inbound0$7965560@qq.com"]}"
2016-11-27 18:15:42  [ main:177 ] - [ DEBUG ]   << "[\r][\n]"
2016-11-27 18:15:42  [ main:177 ] - [ DEBUG ]   << "0[\r][\n]"
2016-11-27 18:15:42  [ main:177 ] - [ DEBUG ]   << "[\r][\n]"
2016-11-27 18:15:42  [ main:177 ] - [ DEBUG ]  Releasing connection org.apache.http.impl.conn.ManagedClientConnectionImpl@1e3c6543
2016-11-27 18:15:42  [ main:178 ] - [ DEBUG ]  Connection can be kept alive indefinitely
2016-11-27 18:16:14  [ main:0 ] - [ DEBUG ]  Get connection for route {}->http://sendcloud.sohu.com:80
2016-11-27 18:16:14  [ main:18 ] - [ DEBUG ]  Connecting to sendcloud.sohu.com:80
2016-11-27 18:16:14  [ main:70 ] - [ DEBUG ]  CookieSpec selected: default
2016-11-27 18:16:14  [ main:71 ] - [ DEBUG ]  Auth cache not set in the context
2016-11-27 18:16:14  [ main:71 ] - [ DEBUG ]  Target auth state: UNCHALLENGED
2016-11-27 18:16:14  [ main:72 ] - [ DEBUG ]  Proxy auth state: UNCHALLENGED
2016-11-27 18:16:14  [ main:72 ] - [ DEBUG ]  Attempt 1 to execute request
2016-11-27 18:16:14  [ main:72 ] - [ DEBUG ]  Sending request: POST /webapi/mail.send.json HTTP/1.1
2016-11-27 18:16:14  [ main:73 ] - [ DEBUG ]   >> "POST /webapi/mail.send.json HTTP/1.1[\r][\n]"
2016-11-27 18:16:14  [ main:74 ] - [ DEBUG ]   >> "Content-Length: 251[\r][\n]"
2016-11-27 18:16:14  [ main:74 ] - [ DEBUG ]   >> "Content-Type: application/x-www-form-urlencoded; charset=UTF-8[\r][\n]"
2016-11-27 18:16:14  [ main:75 ] - [ DEBUG ]   >> "Host: sendcloud.sohu.com[\r][\n]"
2016-11-27 18:16:14  [ main:75 ] - [ DEBUG ]   >> "Connection: Keep-Alive[\r][\n]"
2016-11-27 18:16:14  [ main:75 ] - [ DEBUG ]   >> "User-Agent: Apache-HttpClient/4.5 (Java/1.7.0_79)[\r][\n]"
2016-11-27 18:16:14  [ main:75 ] - [ DEBUG ]   >> "[\r][\n]"
2016-11-27 18:16:14  [ main:75 ] - [ DEBUG ]  >> POST /webapi/mail.send.json HTTP/1.1
2016-11-27 18:16:14  [ main:76 ] - [ DEBUG ]  >> Content-Length: 251
2016-11-27 18:16:14  [ main:76 ] - [ DEBUG ]  >> Content-Type: application/x-www-form-urlencoded; charset=UTF-8
2016-11-27 18:16:14  [ main:77 ] - [ DEBUG ]  >> Host: sendcloud.sohu.com
2016-11-27 18:16:14  [ main:77 ] - [ DEBUG ]  >> Connection: Keep-Alive
2016-11-27 18:16:14  [ main:77 ] - [ DEBUG ]  >> User-Agent: Apache-HttpClient/4.5 (Java/1.7.0_79)
2016-11-27 18:16:14  [ main:77 ] - [ DEBUG ]   >> "api_user=thickskin_test_aooULz&api_key=niid9HwemksoJsIq&from=service%40env.com&fromname=&to=79655560%40qq.com&subject=%E5%8F%91%E9%80%81%E9%82%AE%E4%BB%B6%E4%B8%BB%E9%A2%98&html=%E5%8F%91%E9%80%81%E9%82%AE%E4%BB%B6%E5%86%85%E5%AE%B9&resp_email_id=true"
2016-11-27 18:16:14  [ main:162 ] - [ DEBUG ]   << "HTTP/1.1 200 OK[\r][\n]"
2016-11-27 18:16:14  [ main:163 ] - [ DEBUG ]   << "Server: nginx/1.6.3[\r][\n]"
2016-11-27 18:16:14  [ main:164 ] - [ DEBUG ]   << "Date: Sun, 27 Nov 2016 10:16:13 GMT[\r][\n]"
2016-11-27 18:16:14  [ main:164 ] - [ DEBUG ]   << "Content-Type: application/json;charset=UTF-8[\r][\n]"
2016-11-27 18:16:14  [ main:164 ] - [ DEBUG ]   << "Transfer-Encoding: chunked[\r][\n]"
2016-11-27 18:16:14  [ main:164 ] - [ DEBUG ]   << "Access-Control-Allow-Origin: *[\r][\n]"
2016-11-27 18:16:14  [ main:164 ] - [ DEBUG ]   << "[\r][\n]"
2016-11-27 18:16:14  [ main:165 ] - [ DEBUG ]  Receiving response: HTTP/1.1 200 OK
2016-11-27 18:16:14  [ main:165 ] - [ DEBUG ]  << HTTP/1.1 200 OK
2016-11-27 18:16:14  [ main:165 ] - [ DEBUG ]  << Server: nginx/1.6.3
2016-11-27 18:16:14  [ main:165 ] - [ DEBUG ]  << Date: Sun, 27 Nov 2016 10:16:13 GMT
2016-11-27 18:16:14  [ main:166 ] - [ DEBUG ]  << Content-Type: application/json;charset=UTF-8
2016-11-27 18:16:14  [ main:166 ] - [ DEBUG ]  << Transfer-Encoding: chunked
2016-11-27 18:16:14  [ main:166 ] - [ DEBUG ]  << Access-Control-Allow-Origin: *
2016-11-27 18:16:14  [ main:169 ] - [ DEBUG ]  Connection can be kept alive indefinitely
2016-11-27 18:16:14  [ main:178 ] - [ DEBUG ]   << "70[\r][\n]"
2016-11-27 18:16:14  [ main:178 ] - [ DEBUG ]   << "{"message":"success","email_id_list":["1480241772997_59038_27635_7712.sc-10_9_40_164-inbound0$79655560@qq.com"]}"
2016-11-27 18:16:14  [ main:178 ] - [ DEBUG ]   << "[\r][\n]"
2016-11-27 18:16:14  [ main:179 ] - [ DEBUG ]   << "0[\r][\n]"
2016-11-27 18:16:14  [ main:179 ] - [ DEBUG ]   << "[\r][\n]"
2016-11-27 18:16:14  [ main:179 ] - [ DEBUG ]  Releasing connection org.apache.http.impl.conn.ManagedClientConnectionImpl@7fc8a9a0
2016-11-27 18:16:14  [ main:179 ] - [ DEBUG ]  Connection can be kept alive indefinitely
2016-11-27 18:28:52  [ main:0 ] - [ DEBUG ]  Get connection for route {}->http://sendcloud.sohu.com:80
2016-11-27 18:28:52  [ main:30 ] - [ DEBUG ]  Connecting to sendcloud.sohu.com:80
2016-11-27 18:28:52  [ main:83 ] - [ DEBUG ]  CookieSpec selected: default
2016-11-27 18:28:52  [ main:84 ] - [ DEBUG ]  Auth cache not set in the context
2016-11-27 18:28:52  [ main:84 ] - [ DEBUG ]  Target auth state: UNCHALLENGED
2016-11-27 18:28:52  [ main:85 ] - [ DEBUG ]  Proxy auth state: UNCHALLENGED
2016-11-27 18:28:52  [ main:85 ] - [ DEBUG ]  Attempt 1 to execute request
2016-11-27 18:28:52  [ main:85 ] - [ DEBUG ]  Sending request: POST /webapi/mail.send.json HTTP/1.1
2016-11-27 18:28:52  [ main:86 ] - [ DEBUG ]   >> "POST /webapi/mail.send.json HTTP/1.1[\r][\n]"
2016-11-27 18:28:52  [ main:87 ] - [ DEBUG ]   >> "Content-Length: 2501[\r][\n]"
2016-11-27 18:28:52  [ main:87 ] - [ DEBUG ]   >> "Content-Type: application/x-www-form-urlencoded; charset=UTF-8[\r][\n]"
2016-11-27 18:28:52  [ main:87 ] - [ DEBUG ]   >> "Host: sendcloud.sohu.com[\r][\n]"
2016-11-27 18:28:52  [ main:87 ] - [ DEBUG ]   >> "Connection: Keep-Alive[\r][\n]"
2016-11-27 18:28:52  [ main:88 ] - [ DEBUG ]   >> "User-Agent: Apache-HttpClient/4.5 (Java/1.7.0_79)[\r][\n]"
2016-11-27 18:28:52  [ main:88 ] - [ DEBUG ]   >> "[\r][\n]"
2016-11-27 18:28:52  [ main:88 ] - [ DEBUG ]  >> POST /webapi/mail.send.json HTTP/1.1
2016-11-27 18:28:52  [ main:89 ] - [ DEBUG ]  >> Content-Length: 2501
2016-11-27 18:28:52  [ main:89 ] - [ DEBUG ]  >> Content-Type: application/x-www-form-urlencoded; charset=UTF-8
2016-11-27 18:28:52  [ main:89 ] - [ DEBUG ]  >> Host: sendcloud.sohu.com
2016-11-27 18:28:52  [ main:89 ] - [ DEBUG ]  >> Connection: Keep-Alive
2016-11-27 18:28:52  [ main:89 ] - [ DEBUG ]  >> User-Agent: Apache-HttpClient/4.5 (Java/1.7.0_79)
2016-11-27 18:28:52  [ main:90 ] - [ DEBUG ]   >> "api_user=thickskin_test_aooULz&api_key=niid9HwemksoJsIq&from=service%40env.com&fromname=&to=79655560%40qq.com&subject=%E5%8F%91%E9%80%81%E9%82%AE%E4%BB%B6%E4%B8%BB%E9%A2%98&html=%3Chtml%3E%3Chead%3E%3C%2Fhead%3E%3Cbody%3E%3Cdiv+style%3D%27background-color%3A%23ECECEC%3Bpadding%3A35px%27%3E%3Ctable+cellpadding%3D%270%27+align%3D%27center%27+style%3D%27width%3A600px%3Bmargin%3A0+auto%3Btext-align%3Aleft%3Bposition%3Arelative%3Bborder-top-left-radius%3A5px%3Bborder-top-right-radius%3A5px%3Bborder-bottom-right-radius%3A5px%3Bborder-bottom-left-radius%3A5px%3Bfont-size%3A14px%3Bfont-family%3A%E5%BE%AE%E8%BD%AF%E9%9B%85%E9%BB%91%2C%E9%BB%91%E4%BD%93%3Bline-height%3A1.5%3Bbox-shadow%3A%23999+0+0+5px%3Bborder-collapse%3Acollapse%3Bbackground-position%3Ainitial+initial%3Bbackground-repeat%3Ainitial+initial%3Bbackground%3A%23fff%27%3E%3Ctbody%3E%3Ctr%3E%3Cth+valign%3D%27middle%27+style%3D%27height%3A25px%3Bline-height%3A25px%3Bpadding%3A15px+35px%3Bborder-bottom-width%3A1px%3Bborder-bottom-style%3Asolid%3Bborder-bottom-color%3A%23C46200%3Bbackground-color%3A%23FEA138%3Bborder-top-left-radius%3A5px%3Bborder-top-right-radius%3A5px%3Bborder-bottom-right-radius%3A0%3Bborder-bottom-left-radius%3A0%27%3E%3Cfont+face%3D%27%E5%BE%AE%E8%BD%AF%E9%9B%85%E9%BB%91%27+size%3D%275%27+style%3D%27color%3A%23fff%27%3E%E7%8E%AF%E5%A2%83%E6%95%B0%E6%8D%AE%E5%B9%B3%E5%8F%B0%3C%2Ffont%3E%3C%2Fth%3E%3C%2Ftr%3E%3Ctr%3E%3Ctd%3E%3Cdiv+style%3D%27padding%3A25px+35px+40px%3Bbackground-color%3A%23fff%27%3E%3Ch2+style%3D%27margin%3A5px+0%27%3E%3Cfont+color%3D%27%23333333%27+style%3D%27line-height%3A20px%27%3E%3Cfont+style%3D%27line-height%3A22px%27+size%3D%274%27%3E%E4%BA%B2%E7%88%B1%E7%9A%84+%7Busername%7D%EF%BC%9A%3C%2Ffont%3E%3C%2Ffont%3E%3C%2Fh2%3E%3Cp%3E%E9%A6%96%E5%85%88%E6%84%9F%E8%B0%A2%E6%82%A8%E5%8A%A0%E5%85%A5MaoYoo%EF%BC%81+%E8%AF%B7%E6%82%A8%E5%9C%A8%E5%8F%91%E8%A1%A8%E8%A8%80%E8%AE%BA%E6%97%B6%EF%BC%8C%E9%81%B5%E5%AE%88%E5%BD%93%E5%9C%B0%E6%B3%95%E5%BE%8B%E6%B3%95%E8%A7%84%E3%80%82+%E7%8C%AB%E5%8F%8B%E7%BD%91%EF%BC%8C%E8%81%9A%E5%A4%A9%E4%B8%8B%E3%80%82+%E5%A6%82%E6%9E%9C%E6%82%A8%E6%9C%89%E4%BB%80%E4%B9%88%E7%96%91%E9%97%AE%E5%8F%AF%E4%BB%A5%E8%81%94%E7%B3%BB%E7%AE%A1%E7%90%86%E5%91%98%EF%BC%8CEmail%3A+%7Badminemail%7D%E3%80%82%3C%2Fp%3E%3Cp+align%3D%27right%27%3EMaoYoo%21+%E5%AE%98%E6%96%B9%E5%9B%A2%E9%98%9F%3C%2Fp%3E%3Cp+align%3D%27right%27%3E%7Btime%7D%3C%2Fp%3E%3C%2Fdiv%3E%3C%2Ftd%3E%3C%2Ftr%3E%3C%2Ftbody%3E%3C%2Ftable%3E%3C%2Fdiv%3E%3C%2Fbody%3E%3C%2Fhtml%3E&resp_email_id=true"
2016-11-27 18:28:52  [ main:173 ] - [ DEBUG ]   << "HTTP/1.1 200 OK[\r][\n]"
2016-11-27 18:28:52  [ main:176 ] - [ DEBUG ]   << "Server: nginx/1.6.3[\r][\n]"
2016-11-27 18:28:52  [ main:176 ] - [ DEBUG ]   << "Date: Sun, 27 Nov 2016 10:28:50 GMT[\r][\n]"
2016-11-27 18:28:52  [ main:176 ] - [ DEBUG ]   << "Content-Type: application/json;charset=UTF-8[\r][\n]"
2016-11-27 18:28:52  [ main:176 ] - [ DEBUG ]   << "Transfer-Encoding: chunked[\r][\n]"
2016-11-27 18:28:52  [ main:176 ] - [ DEBUG ]   << "Access-Control-Allow-Origin: *[\r][\n]"
2016-11-27 18:28:52  [ main:177 ] - [ DEBUG ]   << "[\r][\n]"
2016-11-27 18:28:52  [ main:177 ] - [ DEBUG ]  Receiving response: HTTP/1.1 200 OK
2016-11-27 18:28:52  [ main:177 ] - [ DEBUG ]  << HTTP/1.1 200 OK
2016-11-27 18:28:52  [ main:177 ] - [ DEBUG ]  << Server: nginx/1.6.3
2016-11-27 18:28:52  [ main:178 ] - [ DEBUG ]  << Date: Sun, 27 Nov 2016 10:28:50 GMT
2016-11-27 18:28:52  [ main:178 ] - [ DEBUG ]  << Content-Type: application/json;charset=UTF-8
2016-11-27 18:28:52  [ main:178 ] - [ DEBUG ]  << Transfer-Encoding: chunked
2016-11-27 18:28:52  [ main:178 ] - [ DEBUG ]  << Access-Control-Allow-Origin: *
2016-11-27 18:28:52  [ main:182 ] - [ DEBUG ]  Connection can be kept alive indefinitely
2016-11-27 18:28:52  [ main:191 ] - [ DEBUG ]   << "6f[\r][\n]"
2016-11-27 18:28:52  [ main:191 ] - [ DEBUG ]   << "{"message":"success","email_id_list":["1480242530953_59038_1996_9418.sc-10_9_13_218-inbound0$79655560@qq.com"]}"
2016-11-27 18:28:52  [ main:191 ] - [ DEBUG ]   << "[\r][\n]"
2016-11-27 18:28:52  [ main:192 ] - [ DEBUG ]   << "0[\r][\n]"
2016-11-27 18:28:52  [ main:192 ] - [ DEBUG ]   << "[\r][\n]"
2016-11-27 18:28:52  [ main:192 ] - [ DEBUG ]  Releasing connection org.apache.http.impl.conn.ManagedClientConnectionImpl@4ef888ea
2016-11-27 18:28:52  [ main:192 ] - [ DEBUG ]  Connection can be kept alive indefinitely
2016-11-27 18:33:08  [ main:0 ] - [ DEBUG ]  Get connection for route {}->http://sendcloud.sohu.com:80
2016-11-27 18:33:08  [ main:32 ] - [ DEBUG ]  Connecting to sendcloud.sohu.com:80
2016-11-27 18:33:08  [ main:88 ] - [ DEBUG ]  CookieSpec selected: default
2016-11-27 18:33:08  [ main:90 ] - [ DEBUG ]  Auth cache not set in the context
2016-11-27 18:33:08  [ main:90 ] - [ DEBUG ]  Target auth state: UNCHALLENGED
2016-11-27 18:33:08  [ main:91 ] - [ DEBUG ]  Proxy auth state: UNCHALLENGED
2016-11-27 18:33:08  [ main:91 ] - [ DEBUG ]  Attempt 1 to execute request
2016-11-27 18:33:08  [ main:91 ] - [ DEBUG ]  Sending request: POST /webapi/mail.send.json HTTP/1.1
2016-11-27 18:33:08  [ main:92 ] - [ DEBUG ]   >> "POST /webapi/mail.send.json HTTP/1.1[\r][\n]"
2016-11-27 18:33:08  [ main:93 ] - [ DEBUG ]   >> "Content-Length: 2321[\r][\n]"
2016-11-27 18:33:08  [ main:93 ] - [ DEBUG ]   >> "Content-Type: application/x-www-form-urlencoded; charset=UTF-8[\r][\n]"
2016-11-27 18:33:08  [ main:93 ] - [ DEBUG ]   >> "Host: sendcloud.sohu.com[\r][\n]"
2016-11-27 18:33:08  [ main:93 ] - [ DEBUG ]   >> "Connection: Keep-Alive[\r][\n]"
2016-11-27 18:33:08  [ main:93 ] - [ DEBUG ]   >> "User-Agent: Apache-HttpClient/4.5 (Java/1.7.0_79)[\r][\n]"
2016-11-27 18:33:08  [ main:93 ] - [ DEBUG ]   >> "[\r][\n]"
2016-11-27 18:33:08  [ main:94 ] - [ DEBUG ]  >> POST /webapi/mail.send.json HTTP/1.1
2016-11-27 18:33:08  [ main:95 ] - [ DEBUG ]  >> Content-Length: 2321
2016-11-27 18:33:08  [ main:95 ] - [ DEBUG ]  >> Content-Type: application/x-www-form-urlencoded; charset=UTF-8
2016-11-27 18:33:08  [ main:95 ] - [ DEBUG ]  >> Host: sendcloud.sohu.com
2016-11-27 18:33:08  [ main:95 ] - [ DEBUG ]  >> Connection: Keep-Alive
2016-11-27 18:33:08  [ main:95 ] - [ DEBUG ]  >> User-Agent: Apache-HttpClient/4.5 (Java/1.7.0_79)
2016-11-27 18:33:08  [ main:96 ] - [ DEBUG ]   >> "api_user=thickskin_test_aooULz&api_key=niid9HwemksoJsIq&from=service%40env.com&fromname=&to=79655560%40qq.com&subject=%E5%8F%91%E9%80%81%E9%82%AE%E4%BB%B6%E4%B8%BB%E9%A2%98&html=%3Chtml%3E%3Chead%3E%3C%2Fhead%3E%3Cbody%3E%3Cdiv+style%3D%27background-color%3A%23ECECEC%3Bpadding%3A35px%27%3E%3Ctable+cellpadding%3D%270%27+align%3D%27center%27+style%3D%27width%3A600px%3Bmargin%3A0+auto%3Btext-align%3Aleft%3Bposition%3Arelative%3Bborder-top-left-radius%3A5px%3Bborder-top-right-radius%3A5px%3Bborder-bottom-right-radius%3A5px%3Bborder-bottom-left-radius%3A5px%3Bfont-size%3A14px%3Bfont-family%3A%E5%BE%AE%E8%BD%AF%E9%9B%85%E9%BB%91%2C%E9%BB%91%E4%BD%93%3Bline-height%3A1.5%3Bbox-shadow%3A%23999+0+0+5px%3Bborder-collapse%3Acollapse%3Bbackground-position%3Ainitial+initial%3Bbackground-repeat%3Ainitial+initial%3Bbackground%3A%23fff%27%3E%3Ctbody%3E%3Ctr%3E%3Cth+valign%3D%27middle%27+style%3D%27height%3A25px%3Bline-height%3A25px%3Bpadding%3A15px+35px%3Bborder-bottom-width%3A1px%3Bborder-bottom-style%3Asolid%3Bborder-bottom-color%3A%23C46200%3Bbackground-color%3A%23FEA138%3Bborder-top-left-radius%3A5px%3Bborder-top-right-radius%3A5px%3Bborder-bottom-right-radius%3A0%3Bborder-bottom-left-radius%3A0%27%3E%3Cfont+face%3D%27%E5%BE%AE%E8%BD%AF%E9%9B%85%E9%BB%91%27+size%3D%275%27+style%3D%27color%3A%23fff%27%3E%E7%8E%AF%E5%A2%83%E6%95%B0%E6%8D%AE%E5%B9%B3%E5%8F%B0%3C%2Ffont%3E%3C%2Fth%3E%3C%2Ftr%3E%3Ctr%3E%3Ctd%3E%3Cdiv+style%3D%27padding%3A25px+35px+40px%3Bbackground-color%3A%23fff%27%3E%3Ch2+style%3D%27margin%3A5px+0%27%3E%3Cfont+color%3D%27%23333333%27+style%3D%27line-height%3A20px%27%3E%3Cfont+style%3D%27line-height%3A22px%27+size%3D%274%27%3E%E4%BA%B2%E7%88%B1%E7%9A%84+ryanPro%EF%BC%9A%3C%2Ffont%3E%3C%2Ffont%3E%3C%2Fh2%3E%3Cp%3E%E9%A6%96%E5%85%88%E6%84%9F%E8%B0%A2%E6%82%A8%E5%8A%A0%E5%85%A5%E7%8E%AF%E5%A2%83%E6%95%B0%E6%8D%AE%E5%B9%B3%E5%8F%B0%EF%BC%81%E8%AF%B7%E7%82%B9%E5%87%BB%E4%BB%A5%E4%B8%8B%E9%93%BE%E6%8E%A5%E5%AE%8C%E6%88%90%E6%B3%A8%E5%86%8C+%3A%3Ca+href%3D%27http%3A%2F%2Fwww.baidu.com%27%3Ehttp%3A%2F%2Fwww.baidu.com%3C%2Fa%3E%3C%2Fp%3E%3Cp+align%3D%27right%27%3E%E7%8E%AF%E5%A2%83%E6%95%B0%E6%8D%AE%E5%B9%B3%E5%8F%B0%3C%2Fp%3E%3Cp+align%3D%27right%27%3E2016-11-27%3C%2Fp%3E%3C%2Fdiv%3E%3C%2Ftd%3E%3C%2Ftr%3E%3C%2Ftbody%3E%3C%2Ftable%3E%3C%2Fdiv%3E%3C%2Fbody%3E%3C%2Fhtml%3E&resp_email_id=true"
2016-11-27 18:33:08  [ main:188 ] - [ DEBUG ]   << "HTTP/1.1 200 OK[\r][\n]"
2016-11-27 18:33:08  [ main:190 ] - [ DEBUG ]   << "Server: nginx/1.6.3[\r][\n]"
2016-11-27 18:33:08  [ main:190 ] - [ DEBUG ]   << "Date: Sun, 27 Nov 2016 10:33:06 GMT[\r][\n]"
2016-11-27 18:33:08  [ main:190 ] - [ DEBUG ]   << "Content-Type: application/json;charset=UTF-8[\r][\n]"
2016-11-27 18:33:08  [ main:190 ] - [ DEBUG ]   << "Transfer-Encoding: chunked[\r][\n]"
2016-11-27 18:33:08  [ main:190 ] - [ DEBUG ]   << "Access-Control-Allow-Origin: *[\r][\n]"
2016-11-27 18:33:08  [ main:191 ] - [ DEBUG ]   << "[\r][\n]"
2016-11-27 18:33:08  [ main:191 ] - [ DEBUG ]  Receiving response: HTTP/1.1 200 OK
2016-11-27 18:33:08  [ main:191 ] - [ DEBUG ]  << HTTP/1.1 200 OK
2016-11-27 18:33:08  [ main:192 ] - [ DEBUG ]  << Server: nginx/1.6.3
2016-11-27 18:33:08  [ main:192 ] - [ DEBUG ]  << Date: Sun, 27 Nov 2016 10:33:06 GMT
2016-11-27 18:33:08  [ main:192 ] - [ DEBUG ]  << Content-Type: application/json;charset=UTF-8
2016-11-27 18:33:08  [ main:192 ] - [ DEBUG ]  << Transfer-Encoding: chunked
2016-11-27 18:33:08  [ main:192 ] - [ DEBUG ]  << Access-Control-Allow-Origin: *
2016-11-27 18:33:08  [ main:196 ] - [ DEBUG ]  Connection can be kept alive indefinitely
2016-11-27 18:33:08  [ main:205 ] - [ DEBUG ]   << "70[\r][\n]"
2016-11-27 18:33:08  [ main:205 ] - [ DEBUG ]   << "{"message":"success","email_id_list":["1480242786580_59038_27641_3235.sc-10_9_40_164-inbound0$79655560@qq.com"]}"
2016-11-27 18:33:08  [ main:206 ] - [ DEBUG ]   << "[\r][\n]"
2016-11-27 18:33:08  [ main:206 ] - [ DEBUG ]   << "0[\r][\n]"
2016-11-27 18:33:08  [ main:206 ] - [ DEBUG ]   << "[\r][\n]"
2016-11-27 18:33:08  [ main:206 ] - [ DEBUG ]  Releasing connection org.apache.http.impl.conn.ManagedClientConnectionImpl@157fd320
2016-11-27 18:33:08  [ main:207 ] - [ DEBUG ]  Connection can be kept alive indefinitely
